[23:04:26] [main/INFO]: Setting user: Player372
[23:04:28] [Client thread/INFO]: LWJGL Version: 2.9.1
[23:04:39] [Client thread/INFO]: Reloading ResourceManager: Default, FMLFileResourcePack:Forge Mod Loader, FMLFileResourcePack:Minecraft Forge, FMLFileResourcePack:Terror's Extra Enchantments
[23:04:40] [Sound Library Loader/INFO]: Sound engine started
[23:04:46] [Client thread/INFO]: Created: 16x16 textures/blocks-atlas
[23:04:46] [Client thread/INFO]: Created: 16x16 textures/items-atlas
[23:04:46] [Client thread/INFO]: Reloading ResourceManager: Default, FMLFileResourcePack:Forge Mod Loader, FMLFileResourcePack:Minecraft Forge, FMLFileResourcePack:Terror's Extra Enchantments
[23:04:46] [Client thread/INFO]: Created: 512x256 textures/blocks-atlas
[23:04:46] [Client thread/INFO]: Created: 256x256 textures/items-atlas
[23:04:47] [Sound Library Loader/INFO]: Sound engine started
[23:05:05] [Server thread/INFO]: Starting integra[23:05:05] [Client thread/INFO]: LWJGL Version: 2.9.1
[23:05:22] [Client thread/INFO]: Reloading ResourceManager: Default, FMLFileResourcePack:Forge Mod Loader, FMLFileResourcePack:Minecraft Forge, FMLFileResourcePack:Terror's Extra Enchantments
[23:05:23] [Sound Library Loader/INFO]: Sound engine started
[23:05:26] [Client thread/INFO]: Created: 16x16 textures/blocks-atlas
[23:05:26] [Client thread/INFO]: Created: 16x16 textures/items-atlas
[23:05:26] [Client thread/INFO]: Reloading ResourceManager: Default, FMLFileResourcePack:Forge Mod Loader, FMLFileResourcePack:Minecraft Forge, FMLFileResourcePack:Terror's Extra Enchantments
[23:05:27] [Client thread/INFO]: Created: 512x256 textures/blocks-atlas
[23:05:27] [Client thread/INFO]: Created: 256x256 textures/items-atlas
[23:05:28] [Sound Library Loader/INFO]: Sound engine started
[23:05:33] [Client thread/INFO]: Connecting to 192.168.56.1, [23:05:[23:05:56] [Client thread/INFO]: [CHAT] That player cannot be found
[23:06:00] [Client thread/INFO]: [CHAT] Teleported Player162 to Player372
[23:06:23] [Client thread/INFO]: [CHAT] Player162 has just earned the achievement [Taking Inventory]
[23:06:43] [Client thread/INFO]: [CHAT] Player372 has just earned the achievement [Taking Inventory]
[23:07:06] [Client thread/INFO]: [CHAT] hp=95.0% kill=false
[23:07:21] [Client thread/INFO]: [CHAT] hp=65.0% kill=false
[23:07:37] [Client thread/INFO]: [CHAT] hp=35.0% kill=false
[23:07:40] [Client thread/INFO]: [CHAT] hp=5.0% kill=true
[23:07:40] [Client thread/INFO]: [CHAT] Player372 was slain by Player162
[23:08:09] [Client thread/INFO]: [CHAT] Teleported Player372 to Player162
[23:08:24] [Client thread/INFO]: [CHAT] <Player372> hi
[23:08:31] [Client thread/INFO]: [CHAT] [Player372: Teleported Player372 to Player162]
[23:08:56] [Client thread/INFO]: [CHAT] Your game mode has been updated
[23:10:34] [Client thread/INFO]: [CHAT] Your game mode has been updated
[23:13:08] [Client thread/INFO]: [CHAT] [Player372: Set the time to 1000]
[23:14:37] [Client thread/INFO]: Connecting to 192.168.56.1, 52520
[23:14:46] [Client thread/INFO]: [CHAT] <Player162> hi
[23:14:52] [Client thread/INFO]: [CHAT] <Player372> yo waddup
[23:14:56] [Client thread/INFO]: [CHAT] [Player372: Teleported Player372 to Player162]
[23:15:03] [Client thread/INFO]: Stopping!
FO]: [CHAT] Teleported Player372 to Player162
[23:08:56] [Server thread/INFO]: [Player162: Set own game mode to Creative Mode]
[23:08:56] [Client thread/INFO]: [CHAT] [Player162: Set own game mode to Creative Mode]
[23:10:34] [Server thread/INFO]: [Player162: Set own game mode to Survival Mode]
[23:10:34] [Client thread/INFO]: [CHAT] [Player162: Set own game mode to Survival Mode]
[23:13:08] [Server thread/INFO]: [Player372: Set the time to 1000]
[23:13:08] [Client thread/INFO]: [CHAT] Set the time to 1000
[23:14:34] [Server thread/INFO]: Player162 lost connection: TextComponent{text='Disconnected', siblings=[], style=Style{hasParent=false, color=null, bold=null, italic=null, underlined=null, obfuscated=null, clickEvent=null, hoverEvent=null}}
[23:14:34] [Server thread/INFO]: Player162 left the game
[23:14:34] [Client thread/INFO]: [CHAT] Player162 left the game
[23:14:40] [User Authenticator #2/WARN]: Failed to verify username but will let them in anyway!
[23:14:40] [Server thread/INFO]: Player162[/192.168.56.1:52611] logged in with entity id 16500 at (-248.759420999314, 71.0, 65.36716810232953)
[23:14:40] [Server thread/INFO]: Player162 joined the game
[23:14:40] [Client thread/INFO]: [CHAT] Player162 joined the game
[23:14:46] [Server thread/INFO]: <Player162> hi
[23:14:46] [Client thread/INFO]: [CHAT] <Player162> hi
[23:14:52] [Server thread/INFO]: <Player372> yo waddup
[23:14:52] [Client thread/INFO]: [CHAT] <Player372> yo waddup
[23:14:56] [Server thread/INFO]: [Player372: Teleported Player372 to Player162]
[23:14:56] [Client thread/INFO]: [CHAT] Teleported Player372 to Player162
[23:15:02] [Server thread/INFO]: Player162 lost connection: TextComponent{text='Disconnected', siblings=[], style=Style{hasParent=false, color=null, bold=null, italic=null, underlined=null, obfuscated=null, clickEvent=null, hoverEvent=null}}
[23:15:02] [Server thread/INFO]: Player162 left the game
[23:15:02] [Client thread/INFO]: [CHAT] Player162 left the game
[23:15:14] [Server thread/INFO]: Stopping server
[23:15:14] [Server thread/INFO]: Saving players
[23:15:14] [Server thread/INFO]: Saving worlds
[23:15:14] [Server thread/INFO]: Saving chunks for level 'New World'/Overworld
[23:15:14] [Server thread/INFO]: Saving chunks for level 'New World'/Nether
[23:15:14] [Server thread/INFO]: Saving chunks for level 'New World'/The End
[23:15:16] [Server thread/INFO]: Starting integrated minecraft server version 1.7.10
[23:15:16] [Server thread/INFO]: Generating keypair
[23:15:16] [Server thread/INFO]: Preparing start region for level 0
[23:15:17] [Server thread/INFO]: Changing view distance to 12, from 10
[23:15:17] [Server thread/INFO]: Player372[local:E:66aed688] logged in with entity id 17744 at (-249.21723663092854, 71.0, 65.58495693906322)
[23:15:17] [Server thread/INFO]: Player372 joined the game
[23:15:43] [Server thread/INFO]: Saving and pausing game...
[23:15:43] [Server thread/INFO]: Saving chunks for level 'New World'/Overworld
[23:15:43] [Server thread/INFO]: Saving chunks for level 'New World'/Nether
[23:15:43] [Server thread/INFO]: Saving chunks for level 'New World'/The End
[23:16:46] [Server thread/INFO]: Saving and pausing game...
[23:16:46] [Server thread/INFO]: Saving chunks for level 'New World'/Overworld
[23:16:46] [Server thread/INFO]: Saving chunks for level 'New World'/Nether
[23:16:46] [Server thread/INFO]: Saving chunks for level 'New World'/The End
[23:16:48] [Client thread/INFO]: Started on 52629
[23:16:48] [Client thread/INFO]: [CHAT] Local game hosted on port 52629
